
  2022-05-30 12:01:26 WARN  Game:21 - The entered username is not valid
  2022-05-30 12:01:26 WARN  Game:21 - The entered username is not valid
  2022-05-30 12:01:36 WARN  Game:21 - The entered username is not valid
  2022-05-30 12:01:37 WARN  Game:21 - The entered username is not valid
  2022-05-30 12:01:37 WARN  Game:21 - The entered username is not valid
  2022-05-30 12:01:38 WARN  Game:21 - The entered username is not valid
  2022-05-30 12:01:38 WARN  Game:21 - The entered username is not valid
  2022-05-30 12:01:51 WARN  Game:21 - The entered username is not valid
  2022-05-30 12:01:52 WARN  Game:21 - The entered username is not valid
  2022-05-30 12:01:52 WARN  Game:21 - The entered username is not valid
  2022-05-30 12:01:52 WARN  Game:21 - The entered username is not valid
  2022-05-30 12:05:41 INFO  Game:19 - Username set: Artisimo
  2022-05-30 12:26:49 INFO  Game:19 - Username set: stefans
  2022-05-30 12:30:51 INFO  Game:19 - Username set: stefans
  2022-05-30 12:32:02 INFO  Game:19 - Username set: stefans
  2022-05-30 12:33:11 INFO  Game:19 - Username set: stefans
  2022-05-30 12:33:37 INFO  Game:19 - Username set: stefans
  2022-05-30 12:35:45 INFO  Game:19 - Username set: stefans
  2022-05-30 12:36:15 INFO  Game:19 - Username set: stefans
  2022-05-30 12:37:14 INFO  Game:19 - Username set: stefans
  2022-05-30 12:38:25 INFO  Game:19 - Username set: stefans
  2022-05-30 12:40:17 INFO  Game:19 - Username set: stefans
  2022-05-30 12:40:41 INFO  Game:19 - Username set: stefans

  2022-05-30 12:42:28 INFO  Game:19 - Username set: ￿stefans
  2022-05-30 12:42:54 INFO  Game:19 - Username set: stefans
  2022-05-30 12:47:16 WARN  Game:21 - The entered username is not valid
  2022-05-30 12:47:20 INFO  Game:19 - Username set: stefans
  2022-05-30 12:48:55 INFO  Game:19 - Username set: stefans
  2022-05-30 12:49:43 INFO  Game:19 - Username set: stefans
  2022-05-30 12:51:40 INFO  Game:19 - Username set: stefans
  2022-05-30 12:54:21 INFO  Game:19 - Username set: stefans
  2022-05-30 12:55:38 INFO  Game:19 - Username set: stefans
  2022-05-30 12:58:02 INFO  Game:19 - Username set: stefans
  2022-05-30 12:59:14 INFO  Game:19 - Username set: stefans
  2022-05-30 13:00:04 INFO  Game:19 - Username set: stefans
  2022-05-30 13:01:11 INFO  Game:19 - Username set: stefans
  2022-05-30 13:05:47 INFO  Game:19 - Username set: stefans
  2022-05-30 13:10:10 INFO  Game:19 - Username set: stefans
  2022-05-30 13:18:39 INFO  Game:19 - Username set: stefans
  2022-05-30 13:19:43 INFO  Game:19 - Username set: stefans
  2022-05-30 13:22:16 INFO  Game:19 - Username set: stefans
  2022-05-30 13:26:16 INFO  Game:19 - Username set: stefans
  2022-05-30 13:45:42 INFO  Game:19 - Username set: stefans
  2022-05-30 14:01:51 INFO  Game:19 - Username set: Artisimo
  2022-05-30 14:06:28 INFO  Game:19 - Username set: Artisimo
  2022-05-30 14:07:13 INFO  Game:19 - Username set: Artisimo
  2022-05-30 14:08:47 INFO  Game:19 - Username set: Artisimo
  2022-05-30 15:58:53 INFO  Game:22 - Username set: Artisimo
  2022-05-30 15:59:22 INFO  Game:22 - Username set: Somethingsomething
  2022-05-30 16:00:35 INFO  Game:22 - Username set: Artisimo
  2022-05-30 16:00:36 WARN  Game:88 - id = -1
  2022-05-30 16:06:07 WARN  Game:26 - The entered username is not valid
  2022-05-30 16:06:12 INFO  Game:22 - Username set: Artisimo
  2022-05-30 16:06:13 WARN  Game:89 - id = -1
  2022-05-30 16:08:50 INFO  Game:22 - Username set: Artisimo
  2022-05-30 16:09:16 INFO  Game:22 - Username set: KKASaaa
  2022-05-30 16:13:22 INFO  Game:22 - Username set: Artisimo
  2022-05-30 16:14:10 INFO  Game:22 - Username set: Artisimo
  2022-05-30 16:14:28 INFO  Game:22 - Username set: Abcdefgh
  2022-05-30 16:16:51 INFO  Game:22 - Username set: Artisimoooo
  2022-05-30 16:27:53 INFO  Game:22 - Username set: Artisimo
  2022-05-30 16:28:30 INFO  Game:22 - Username set: Artisimo
  2022-05-30 16:30:50 INFO  Game:22 - Username set: Artisimo
  2022-05-30 16:31:04 INFO  Game:100 - Artisimo joined the level
  2022-05-30 16:31:04 INFO  Game:101 - level1 has been loaded
  2022-05-30 16:31:06 INFO  Game:195 - Player collected the max health power up
  2022-05-30 16:31:08 INFO  Game:203 - Player collected the speed power up
  2022-05-30 16:31:09 INFO  Game:187 - Player healed using the heal power up
  2022-05-30 16:31:11 INFO  Game:137 - Player was attacked by a basic enemy
  2022-05-30 16:31:11 INFO  Game:137 - Player was attacked by a basic enemy
  2022-05-30 16:31:11 INFO  Game:137 - Player was attacked by a basic enemy
  2022-05-30 16:31:11 INFO  Game:137 - Player was attacked by a basic enemy
  2022-05-30 16:31:11 INFO  Game:137 - Player was attacked by a basic enemy
  2022-05-30 16:31:11 INFO  Game:137 - Player was attacked by a basic enemy
  2022-05-30 16:31:11 INFO  Game:137 - Player was attacked by a basic enemy
  2022-05-30 16:31:11 INFO  Game:137 - Player was attacked by a basic enemy
  2022-05-30 16:31:11 INFO  Game:137 - Player was attacked by a basic enemy
  2022-05-30 16:31:11 INFO  Game:137 - Player was attacked by a basic enemy
  2022-05-30 16:31:11 INFO  Game:137 - Player was attacked by a basic enemy
  2022-05-30 16:31:11 INFO  Game:137 - Player was attacked by a basic enemy
  2022-05-30 16:31:11 INFO  Game:137 - Player was attacked by a basic enemy
  2022-05-30 16:31:11 INFO  Game:137 - Player was attacked by a basic enemy
  2022-05-30 16:31:11 INFO  Game:137 - Player was attacked by a basic enemy
  2022-05-30 16:31:11 INFO  Game:137 - Player was attacked by a basic enemy
  2022-05-30 16:31:12 INFO  Game:137 - Player was attacked by a basic enemy
  2022-05-30 16:31:12 INFO  Game:137 - Player was attacked by a basic enemy
  2022-05-30 16:31:12 INFO  Game:137 - Player was attacked by a basic enemy
  2022-05-30 16:31:12 INFO  Game:137 - Player was attacked by a basic enemy
  2022-05-30 16:31:12 INFO  Game:137 - Player was attacked by a basic enemy
  2022-05-30 16:31:12 INFO  Game:137 - Player was attacked by a basic enemy
  2022-05-30 16:31:12 INFO  Game:137 - Player was attacked by a basic enemy
  2022-05-30 16:31:12 INFO  Game:137 - Player was attacked by a basic enemy
  2022-05-30 16:31:12 INFO  Game:137 - Player was attacked by a basic enemy
  2022-05-30 16:31:12 INFO  Game:137 - Player was attacked by a basic enemy
  2022-05-30 16:31:12 INFO  Game:137 - Player was attacked by a basic enemy
  2022-05-30 16:31:12 INFO  Game:137 - Player was attacked by a basic enemy
  2022-05-30 16:32:17 INFO  Game:22 - Username set: Artisimo
  2022-05-30 16:32:21 INFO  Game:100 - Artisimo joined the level
  2022-05-30 16:32:21 INFO  Game:101 - level1 has been loaded
  2022-05-30 16:32:23 INFO  Game:195 - Player collected the max health power up
  2022-05-30 16:32:25 INFO  Game:203 - Player collected the speed power up
  2022-05-30 16:32:26 INFO  Game:187 - Player healed using the heal power up
  2022-05-30 16:32:28 INFO  Game:148 - Player was shot by a projectile
  2022-05-30 16:32:28 INFO  Game:137 - Player was attacked by a basic enemy
  2022-05-30 16:32:28 INFO  Game:137 - Player was attacked by a basic enemy
  2022-05-30 16:32:28 INFO  Game:137 - Player was attacked by a basic enemy
  2022-05-30 16:32:28 INFO  Game:137 - Player was attacked by a basic enemy
  2022-05-30 16:32:28 INFO  Game:137 - Player was attacked by a basic enemy
  2022-05-30 16:32:28 INFO  Game:137 - Player was attacked by a basic enemy
  2022-05-30 16:32:28 INFO  Game:137 - Player was attacked by a basic enemy
  2022-05-30 16:32:28 INFO  Game:137 - Player was attacked by a basic enemy
  2022-05-30 16:32:28 INFO  Game:137 - Player was attacked by a basic enemy
  2022-05-30 16:32:28 INFO  Game:137 - Player was attacked by a basic enemy
  2022-05-30 16:32:28 INFO  Game:137 - Player was attacked by a basic enemy
  2022-05-30 16:32:28 INFO  Game:137 - Player was attacked by a basic enemy
  2022-05-30 16:32:28 INFO  Game:137 - Player was attacked by a basic enemy
  2022-05-30 16:32:28 INFO  Game:137 - Player was attacked by a basic enemy
  2022-05-30 16:32:28 INFO  Game:137 - Player was attacked by a basic enemy
  2022-05-30 16:32:28 INFO  Game:137 - Player was attacked by a basic enemy
  2022-05-30 16:32:29 INFO  Game:137 - Player was attacked by a basic enemy
  2022-05-30 16:32:29 INFO  Game:137 - Player was attacked by a basic enemy
  2022-05-30 16:32:29 INFO  Game:137 - Player was attacked by a basic enemy
  2022-05-30 16:32:29 INFO  Game:137 - Player was attacked by a basic enemy
  2022-05-30 16:32:29 INFO  Game:137 - Player was attacked by a basic enemy
  2022-05-30 16:32:29 INFO  Game:137 - Player was attacked by a basic enemy
  2022-05-30 16:32:29 INFO  Game:137 - Player was attacked by a basic enemy
  2022-05-30 16:32:29 INFO  Game:137 - Player was attacked by a basic enemy
  2022-05-30 16:32:29 INFO  Game:137 - Player was attacked by a basic enemy
  2022-05-30 16:32:29 INFO  Game:137 - Player was attacked by a basic enemy
  2022-05-30 16:32:29 INFO  Game:137 - Player was attacked by a basic enemy
  2022-05-30 16:32:29 INFO  Game:137 - Player was attacked by a basic enemy
  2022-05-30 16:32:29 INFO  Game:137 - Player was attacked by a basic enemy
  2022-05-30 16:32:29 INFO  Game:137 - Player was attacked by a basic enemy
  2022-05-30 16:32:30 INFO  Game:180 - Player collected a crystal
  2022-05-30 16:32:30 INFO  Game:173 - Player finished the levelTime: 9.213, 1 / 3 crystals collected. Score is: 3271
  2022-05-30 16:32:41 INFO  Game:100 - Artisimo joined the level
  2022-05-30 16:32:41 INFO  Game:101 - level1 has been loaded
  2022-05-30 16:32:43 INFO  Game:195 - Player collected the max health power up
  2022-05-30 16:32:45 INFO  Game:203 - Player collected the speed power up
  2022-05-30 16:32:46 INFO  Game:187 - Player healed using the heal power up
  2022-05-30 16:32:47 INFO  Game:148 - Player was shot by a projectile
  2022-05-30 16:32:48 INFO  Game:137 - Player was attacked by a basic enemy
  2022-05-30 16:32:48 INFO  Game:137 - Player was attacked by a basic enemy
  2022-05-30 16:32:48 INFO  Game:137 - Player was attacked by a basic enemy
  2022-05-30 16:32:48 INFO  Game:137 - Player was attacked by a basic enemy
  2022-05-30 16:32:48 INFO  Game:137 - Player was attacked by a basic enemy
  2022-05-30 16:32:48 INFO  Game:137 - Player was attacked by a basic enemy
  2022-05-30 16:32:48 INFO  Game:137 - Player was attacked by a basic enemy
  2022-05-30 16:32:48 INFO  Game:137 - Player was attacked by a basic enemy
  2022-05-30 16:32:48 INFO  Game:137 - Player was attacked by a basic enemy
  2022-05-30 16:32:48 INFO  Game:137 - Player was attacked by a basic enemy
  2022-05-30 16:32:48 INFO  Game:137 - Player was attacked by a basic enemy
  2022-05-30 16:32:48 INFO  Game:137 - Player was attacked by a basic enemy
  2022-05-30 16:32:48 INFO  Game:137 - Player was attacked by a basic enemy
  2022-05-30 16:32:48 INFO  Game:137 - Player was attacked by a basic enemy
  2022-05-30 16:32:48 INFO  Game:137 - Player was attacked by a basic enemy
  2022-05-30 16:32:48 INFO  Game:137 - Player was attacked by a basic enemy
  2022-05-30 16:32:48 INFO  Game:137 - Player was attacked by a basic enemy
  2022-05-30 16:32:48 INFO  Game:137 - Player was attacked by a basic enemy
  2022-05-30 16:32:48 INFO  Game:137 - Player was attacked by a basic enemy
  2022-05-30 16:32:48 INFO  Game:137 - Player was attacked by a basic enemy
  2022-05-30 16:32:48 INFO  Game:137 - Player was attacked by a basic enemy
  2022-05-30 16:32:48 INFO  Game:137 - Player was attacked by a basic enemy
  2022-05-30 16:32:48 INFO  Game:137 - Player was attacked by a basic enemy
  2022-05-30 16:32:49 INFO  Game:137 - Player was attacked by a basic enemy
  2022-05-30 16:32:49 INFO  Game:137 - Player was attacked by a basic enemy
  2022-05-30 16:32:49 INFO  Game:137 - Player was attacked by a basic enemy
  2022-05-30 16:32:49 INFO  Game:137 - Player was attacked by a basic enemy
  2022-05-30 16:32:49 INFO  Game:137 - Player was attacked by a basic enemy
  2022-05-30 16:32:49 INFO  Game:137 - Player was attacked by a basic enemy
  2022-05-30 16:32:49 INFO  Game:137 - Player was attacked by a basic enemy
  2022-05-30 16:32:50 INFO  Game:173 - Player finished the levelTime: 8.869, 0 / 3 crystals collected. Score is: 2956
  2022-05-30 16:47:38 INFO  Game:22 - Username set: stefans
  2022-05-30 16:47:53 INFO  Game:22 - Username set: stefans

  2022-05-30 16:47:56 INFO  Game:100 - stefans
 joined the level
  2022-05-30 16:47:56 INFO  Game:101 - level1 has been loaded
  2022-05-30 16:48:01 INFO  Game:155 - Player was in the range of an explosive enemy
  2022-05-30 16:48:02 INFO  Game:137 - Player was attacked by a basic enemy
  2022-05-30 16:48:02 INFO  Game:137 - Player was attacked by a basic enemy
  2022-05-30 16:48:02 INFO  Game:137 - Player was attacked by a basic enemy
  2022-05-30 16:48:02 INFO  Game:137 - Player was attacked by a basic enemy
  2022-05-30 16:48:02 INFO  Game:137 - Player was attacked by a basic enemy
  2022-05-30 16:48:02 INFO  Game:137 - Player was attacked by a basic enemy
  2022-05-30 16:48:02 INFO  Game:137 - Player was attacked by a basic enemy
  2022-05-30 16:48:02 INFO  Game:137 - Player was attacked by a basic enemy
  2022-05-30 16:48:02 INFO  Game:137 - Player was attacked by a basic enemy
  2022-05-30 16:48:02 INFO  Game:137 - Player was attacked by a basic enemy
  2022-05-30 16:48:02 INFO  Game:137 - Player was attacked by a basic enemy
  2022-05-30 16:48:02 INFO  Game:137 - Player was attacked by a basic enemy
  2022-05-30 16:48:02 INFO  Game:137 - Player was attacked by a basic enemy
  2022-05-30 16:48:02 INFO  Game:137 - Player was attacked by a basic enemy
  2022-05-30 16:48:02 INFO  Game:137 - Player was attacked by a basic enemy
  2022-05-30 16:48:02 INFO  Game:137 - Player was attacked by a basic enemy
  2022-05-30 16:48:05 INFO  Game:155 - Player was in the range of an explosive enemy
  2022-05-30 16:48:05 INFO  Game:95 - Player died
  2022-05-30 16:48:08 INFO  Game:100 - stefans
 joined the level
  2022-05-30 16:48:08 INFO  Game:101 - level1 has been loaded
  2022-05-30 16:48:12 INFO  Game:155 - Player was in the range of an explosive enemy
  2022-05-30 16:48:14 INFO  Game:137 - Player was attacked by a basic enemy
  2022-05-30 16:48:14 INFO  Game:137 - Player was attacked by a basic enemy
  2022-05-30 16:48:14 INFO  Game:137 - Player was attacked by a basic enemy
  2022-05-30 16:48:14 INFO  Game:137 - Player was attacked by a basic enemy
  2022-05-30 16:48:14 INFO  Game:137 - Player was attacked by a basic enemy
  2022-05-30 16:48:14 INFO  Game:137 - Player was attacked by a basic enemy
  2022-05-30 16:48:14 INFO  Game:137 - Player was attacked by a basic enemy
  2022-05-30 16:48:14 INFO  Game:137 - Player was attacked by a basic enemy
  2022-05-30 16:48:14 INFO  Game:137 - Player was attacked by a basic enemy
  2022-05-30 16:48:14 INFO  Game:137 - Player was attacked by a basic enemy
  2022-05-30 16:48:14 INFO  Game:137 - Player was attacked by a basic enemy
  2022-05-30 16:48:14 INFO  Game:137 - Player was attacked by a basic enemy
  2022-05-30 16:48:14 INFO  Game:137 - Player was attacked by a basic enemy
  2022-05-30 16:48:14 INFO  Game:137 - Player was attacked by a basic enemy
  2022-05-30 16:48:14 INFO  Game:137 - Player was attacked by a basic enemy
  2022-05-30 16:48:14 INFO  Game:137 - Player was attacked by a basic enemy
  2022-05-30 16:48:17 INFO  Game:155 - Player was in the range of an explosive enemy
  2022-05-30 16:48:17 INFO  Game:95 - Player died
  2022-05-30 16:48:34 INFO  Game:22 - Username set: stefans
  2022-05-30 16:48:38 INFO  Game:100 - stefans joined the level
  2022-05-30 16:48:38 INFO  Game:101 - level1 has been loaded
  2022-05-30 16:48:41 INFO  Game:195 - Player collected the max health power up
  2022-05-30 16:48:43 INFO  Game:137 - Player was attacked by a basic enemy
  2022-05-30 16:48:43 INFO  Game:137 - Player was attacked by a basic enemy
  2022-05-30 16:48:43 INFO  Game:137 - Player was attacked by a basic enemy
  2022-05-30 16:48:43 INFO  Game:137 - Player was attacked by a basic enemy
  2022-05-30 16:48:43 INFO  Game:137 - Player was attacked by a basic enemy
  2022-05-30 16:48:43 INFO  Game:137 - Player was attacked by a basic enemy
  2022-05-30 16:48:44 INFO  Game:137 - Player was attacked by a basic enemy
  2022-05-30 16:48:44 INFO  Game:137 - Player was attacked by a basic enemy
  2022-05-30 16:48:44 INFO  Game:137 - Player was attacked by a basic enemy
  2022-05-30 16:48:44 INFO  Game:137 - Player was attacked by a basic enemy
  2022-05-30 16:48:44 INFO  Game:137 - Player was attacked by a basic enemy
  2022-05-30 16:48:44 INFO  Game:137 - Player was attacked by a basic enemy
  2022-05-30 16:48:44 INFO  Game:137 - Player was attacked by a basic enemy
  2022-05-30 16:48:44 INFO  Game:137 - Player was attacked by a basic enemy
  2022-05-30 16:48:44 INFO  Game:137 - Player was attacked by a basic enemy
  2022-05-30 16:48:44 INFO  Game:137 - Player was attacked by a basic enemy
  2022-05-30 16:48:44 INFO  Game:137 - Player was attacked by a basic enemy
  2022-05-30 16:48:44 INFO  Game:137 - Player was attacked by a basic enemy
  2022-05-30 16:48:44 INFO  Game:137 - Player was attacked by a basic enemy
  2022-05-30 16:48:44 INFO  Game:137 - Player was attacked by a basic enemy
  2022-05-30 16:48:44 INFO  Game:180 - Player collected a crystal
  2022-05-30 16:48:46 INFO  Game:148 - Player was shot by a projectile
  2022-05-30 16:48:49 INFO  Game:137 - Player was attacked by a basic enemy
  2022-05-30 16:48:49 INFO  Game:137 - Player was attacked by a basic enemy
  2022-05-30 16:48:49 INFO  Game:137 - Player was attacked by a basic enemy
  2022-05-30 16:48:49 INFO  Game:137 - Player was attacked by a basic enemy
  2022-05-30 16:48:49 INFO  Game:137 - Player was attacked by a basic enemy
  2022-05-30 16:48:49 INFO  Game:137 - Player was attacked by a basic enemy
  2022-05-30 16:48:49 INFO  Game:137 - Player was attacked by a basic enemy
  2022-05-30 16:48:49 INFO  Game:137 - Player was attacked by a basic enemy
  2022-05-30 16:48:49 INFO  Game:137 - Player was attacked by a basic enemy
  2022-05-30 16:48:49 INFO  Game:137 - Player was attacked by a basic enemy
  2022-05-30 16:48:49 INFO  Game:137 - Player was attacked by a basic enemy
  2022-05-30 16:48:49 INFO  Game:137 - Player was attacked by a basic enemy
  2022-05-30 16:48:49 INFO  Game:137 - Player was attacked by a basic enemy
  2022-05-30 16:48:49 INFO  Game:137 - Player was attacked by a basic enemy
  2022-05-30 16:48:49 INFO  Game:137 - Player was attacked by a basic enemy
  2022-05-30 16:48:49 INFO  Game:137 - Player was attacked by a basic enemy
  2022-05-30 16:48:49 INFO  Game:137 - Player was attacked by a basic enemy
  2022-05-30 16:48:49 INFO  Game:137 - Player was attacked by a basic enemy
  2022-05-30 16:48:49 INFO  Game:137 - Player was attacked by a basic enemy
  2022-05-30 16:48:49 INFO  Game:137 - Player was attacked by a basic enemy
  2022-05-30 16:48:49 INFO  Game:137 - Player was attacked by a basic enemy
  2022-05-30 16:48:50 INFO  Game:137 - Player was attacked by a basic enemy
  2022-05-30 16:48:50 INFO  Game:137 - Player was attacked by a basic enemy
  2022-05-30 16:48:50 INFO  Game:137 - Player was attacked by a basic enemy
  2022-05-30 16:48:50 INFO  Game:137 - Player was attacked by a basic enemy
  2022-05-30 16:48:50 INFO  Game:137 - Player was attacked by a basic enemy
  2022-05-30 16:48:50 INFO  Game:137 - Player was attacked by a basic enemy
  2022-05-30 16:48:50 INFO  Game:137 - Player was attacked by a basic enemy
  2022-05-30 16:48:50 INFO  Game:137 - Player was attacked by a basic enemy
  2022-05-30 16:48:50 INFO  Game:137 - Player was attacked by a basic enemy
  2022-05-30 16:48:50 INFO  Game:137 - Player was attacked by a basic enemy
  2022-05-30 16:48:50 INFO  Game:137 - Player was attacked by a basic enemy
  2022-05-30 16:48:50 INFO  Game:137 - Player was attacked by a basic enemy
  2022-05-30 16:48:50 INFO  Game:137 - Player was attacked by a basic enemy
  2022-05-30 16:48:50 INFO  Game:137 - Player was attacked by a basic enemy
  2022-05-30 16:48:50 INFO  Game:137 - Player was attacked by a basic enemy
  2022-05-30 16:48:50 INFO  Game:137 - Player was attacked by a basic enemy
  2022-05-30 16:48:50 INFO  Game:137 - Player was attacked by a basic enemy
  2022-05-30 16:48:50 INFO  Game:137 - Player was attacked by a basic enemy
  2022-05-30 16:48:50 INFO  Game:137 - Player was attacked by a basic enemy
  2022-05-30 16:48:50 INFO  Game:137 - Player was attacked by a basic enemy
  2022-05-30 16:48:50 INFO  Game:137 - Player was attacked by a basic enemy
  2022-05-30 16:48:50 INFO  Game:137 - Player was attacked by a basic enemy
  2022-05-30 16:48:50 INFO  Game:137 - Player was attacked by a basic enemy
  2022-05-30 16:48:50 INFO  Game:137 - Player was attacked by a basic enemy
  2022-05-30 16:48:50 INFO  Game:137 - Player was attacked by a basic enemy
  2022-05-30 16:48:50 INFO  Game:137 - Player was attacked by a basic enemy
  2022-05-30 16:48:50 INFO  Game:137 - Player was attacked by a basic enemy
  2022-05-30 16:48:50 INFO  Game:137 - Player was attacked by a basic enemy
  2022-05-30 16:48:50 INFO  Game:137 - Player was attacked by a basic enemy
  2022-05-30 16:48:50 INFO  Game:137 - Player was attacked by a basic enemy
  2022-05-30 16:48:50 INFO  Game:137 - Player was attacked by a basic enemy
  2022-05-30 16:48:50 INFO  Game:137 - Player was attacked by a basic enemy
  2022-05-30 16:48:50 INFO  Game:137 - Player was attacked by a basic enemy
  2022-05-30 16:48:50 INFO  Game:137 - Player was attacked by a basic enemy
  2022-05-30 16:48:50 INFO  Game:137 - Player was attacked by a basic enemy
  2022-05-30 16:48:50 INFO  Game:137 - Player was attacked by a basic enemy
  2022-05-30 16:48:50 INFO  Game:137 - Player was attacked by a basic enemy
  2022-05-30 16:48:50 INFO  Game:137 - Player was attacked by a basic enemy
  2022-05-30 16:48:50 INFO  Game:137 - Player was attacked by a basic enemy
  2022-05-30 16:48:50 INFO  Game:137 - Player was attacked by a basic enemy
  2022-05-30 16:48:51 INFO  Game:137 - Player was attacked by a basic enemy
  2022-05-30 16:48:51 INFO  Game:137 - Player was attacked by a basic enemy
  2022-05-30 16:48:51 INFO  Game:137 - Player was attacked by a basic enemy
  2022-05-30 16:48:51 INFO  Game:137 - Player was attacked by a basic enemy
  2022-05-30 16:48:51 INFO  Game:137 - Player was attacked by a basic enemy
  2022-05-30 16:48:51 INFO  Game:137 - Player was attacked by a basic enemy
  2022-05-30 16:48:51 INFO  Game:137 - Player was attacked by a basic enemy
  2022-05-30 16:48:51 INFO  Game:137 - Player was attacked by a basic enemy
  2022-05-30 16:48:51 INFO  Game:137 - Player was attacked by a basic enemy
  2022-05-30 16:48:51 INFO  Game:137 - Player was attacked by a basic enemy
  2022-05-30 16:48:51 INFO  Game:137 - Player was attacked by a basic enemy
  2022-05-30 16:48:51 INFO  Game:137 - Player was attacked by a basic enemy
  2022-05-30 16:48:51 INFO  Game:137 - Player was attacked by a basic enemy
  2022-05-30 16:48:51 INFO  Game:137 - Player was attacked by a basic enemy
  2022-05-30 16:48:51 INFO  Game:137 - Player was attacked by a basic enemy
  2022-05-30 16:48:51 INFO  Game:137 - Player was attacked by a basic enemy
  2022-05-30 16:48:51 INFO  Game:137 - Player was attacked by a basic enemy
  2022-05-30 16:48:51 INFO  Game:137 - Player was attacked by a basic enemy
  2022-05-30 16:48:51 INFO  Game:137 - Player was attacked by a basic enemy
  2022-05-30 16:48:52 INFO  Game:137 - Player was attacked by a basic enemy
  2022-05-30 16:48:52 INFO  Game:137 - Player was attacked by a basic enemy
  2022-05-30 16:48:52 INFO  Game:137 - Player was attacked by a basic enemy
  2022-05-30 16:48:52 INFO  Game:137 - Player was attacked by a basic enemy
  2022-05-30 16:48:52 INFO  Game:137 - Player was attacked by a basic enemy
  2022-05-30 16:48:52 INFO  Game:137 - Player was attacked by a basic enemy
  2022-05-30 16:48:52 INFO  Game:137 - Player was attacked by a basic enemy
  2022-05-30 16:48:52 INFO  Game:137 - Player was attacked by a basic enemy
  2022-05-30 16:48:52 INFO  Game:137 - Player was attacked by a basic enemy
  2022-05-30 16:48:52 INFO  Game:137 - Player was attacked by a basic enemy
  2022-05-30 16:48:52 INFO  Game:137 - Player was attacked by a basic enemy
  2022-05-30 16:48:52 INFO  Game:137 - Player was attacked by a basic enemy
  2022-05-30 16:48:52 INFO  Game:137 - Player was attacked by a basic enemy
  2022-05-30 16:48:52 INFO  Game:137 - Player was attacked by a basic enemy
  2022-05-30 16:48:52 INFO  Game:137 - Player was attacked by a basic enemy
  2022-05-30 16:48:52 INFO  Game:137 - Player was attacked by a basic enemy
  2022-05-30 16:48:52 INFO  Game:137 - Player was attacked by a basic enemy
  2022-05-30 16:48:52 INFO  Game:137 - Player was attacked by a basic enemy
  2022-05-30 16:48:52 INFO  Game:137 - Player was attacked by a basic enemy
  2022-05-30 16:48:52 INFO  Game:137 - Player was attacked by a basic enemy
  2022-05-30 16:48:52 INFO  Game:137 - Player was attacked by a basic enemy
  2022-05-30 16:48:52 INFO  Game:137 - Player was attacked by a basic enemy
  2022-05-30 16:48:52 INFO  Game:137 - Player was attacked by a basic enemy
  2022-05-30 16:48:52 INFO  Game:137 - Player was attacked by a basic enemy
  2022-05-30 16:48:52 INFO  Game:137 - Player was attacked by a basic enemy
  2022-05-30 16:48:52 INFO  Game:137 - Player was attacked by a basic enemy
  2022-05-30 16:48:52 INFO  Game:137 - Player was attacked by a basic enemy
  2022-05-30 16:48:52 INFO  Game:137 - Player was attacked by a basic enemy
  2022-05-30 16:48:52 INFO  Game:137 - Player was attacked by a basic enemy
  2022-05-30 16:48:52 INFO  Game:137 - Player was attacked by a basic enemy
  2022-05-30 16:48:52 INFO  Game:137 - Player was attacked by a basic enemy
  2022-05-30 16:48:52 INFO  Game:137 - Player was attacked by a basic enemy
  2022-05-30 16:48:52 INFO  Game:137 - Player was attacked by a basic enemy
  2022-05-30 16:48:52 INFO  Game:137 - Player was attacked by a basic enemy
  2022-05-30 16:48:52 INFO  Game:137 - Player was attacked by a basic enemy
  2022-05-30 16:48:52 INFO  Game:137 - Player was attacked by a basic enemy
  2022-05-30 16:48:52 INFO  Game:137 - Player was attacked by a basic enemy
  2022-05-30 16:48:52 INFO  Game:137 - Player was attacked by a basic enemy
  2022-05-30 16:48:52 INFO  Game:137 - Player was attacked by a basic enemy
  2022-05-30 16:48:52 INFO  Game:137 - Player was attacked by a basic enemy
  2022-05-30 16:48:52 INFO  Game:137 - Player was attacked by a basic enemy
  2022-05-30 16:48:52 INFO  Game:137 - Player was attacked by a basic enemy
  2022-05-30 16:48:52 INFO  Game:137 - Player was attacked by a basic enemy
  2022-05-30 16:48:52 INFO  Game:137 - Player was attacked by a basic enemy
  2022-05-30 16:48:52 INFO  Game:137 - Player was attacked by a basic enemy
  2022-05-30 16:48:52 INFO  Game:137 - Player was attacked by a basic enemy
  2022-05-30 16:48:52 INFO  Game:137 - Player was attacked by a basic enemy
  2022-05-30 16:48:52 INFO  Game:137 - Player was attacked by a basic enemy
  2022-05-30 16:48:52 INFO  Game:137 - Player was attacked by a basic enemy
  2022-05-30 16:48:52 INFO  Game:137 - Player was attacked by a basic enemy
  2022-05-30 16:48:52 INFO  Game:137 - Player was attacked by a basic enemy
  2022-05-30 16:48:52 INFO  Game:137 - Player was attacked by a basic enemy
  2022-05-30 16:48:52 INFO  Game:137 - Player was attacked by a basic enemy
  2022-05-30 16:48:52 INFO  Game:137 - Player was attacked by a basic enemy
  2022-05-30 16:48:52 INFO  Game:137 - Player was attacked by a basic enemy
  2022-05-30 16:48:52 INFO  Game:137 - Player was attacked by a basic enemy
  2022-05-30 16:48:52 INFO  Game:137 - Player was attacked by a basic enemy
  2022-05-30 16:48:52 INFO  Game:137 - Player was attacked by a basic enemy
  2022-05-30 16:48:52 INFO  Game:137 - Player was attacked by a basic enemy
  2022-05-30 16:48:52 INFO  Game:137 - Player was attacked by a basic enemy
  2022-05-30 16:48:53 INFO  Game:137 - Player was attacked by a basic enemy
  2022-05-30 16:48:53 INFO  Game:137 - Player was attacked by a basic enemy
  2022-05-30 16:48:53 INFO  Game:137 - Player was attacked by a basic enemy
  2022-05-30 16:48:53 INFO  Game:137 - Player was attacked by a basic enemy
  2022-05-30 16:48:53 INFO  Game:137 - Player was attacked by a basic enemy
  2022-05-30 16:48:53 INFO  Game:137 - Player was attacked by a basic enemy
  2022-05-30 16:48:53 INFO  Game:137 - Player was attacked by a basic enemy
  2022-05-30 16:48:53 INFO  Game:137 - Player was attacked by a basic enemy
  2022-05-30 16:48:53 INFO  Game:137 - Player was attacked by a basic enemy
  2022-05-30 16:48:53 INFO  Game:137 - Player was attacked by a basic enemy
  2022-05-30 16:48:53 INFO  Game:137 - Player was attacked by a basic enemy
  2022-05-30 16:48:53 INFO  Game:137 - Player was attacked by a basic enemy
  2022-05-30 16:48:53 INFO  Game:137 - Player was attacked by a basic enemy
  2022-05-30 16:48:53 INFO  Game:137 - Player was attacked by a basic enemy
  2022-05-30 16:48:53 INFO  Game:137 - Player was attacked by a basic enemy
  2022-05-30 16:48:53 INFO  Game:137 - Player was attacked by a basic enemy
  2022-05-30 16:48:53 INFO  Game:137 - Player was attacked by a basic enemy
  2022-05-30 16:48:53 INFO  Game:137 - Player was attacked by a basic enemy
  2022-05-30 16:48:53 INFO  Game:137 - Player was attacked by a basic enemy
  2022-05-30 16:48:53 INFO  Game:137 - Player was attacked by a basic enemy
  2022-05-30 16:48:53 INFO  Game:137 - Player was attacked by a basic enemy
  2022-05-30 16:48:53 INFO  Game:137 - Player was attacked by a basic enemy
  2022-05-30 16:48:53 INFO  Game:137 - Player was attacked by a basic enemy
  2022-05-30 16:48:53 INFO  Game:137 - Player was attacked by a basic enemy
  2022-05-30 16:48:53 INFO  Game:137 - Player was attacked by a basic enemy
  2022-05-30 16:48:53 INFO  Game:137 - Player was attacked by a basic enemy
  2022-05-30 16:48:53 INFO  Game:137 - Player was attacked by a basic enemy
  2022-05-30 16:48:53 INFO  Game:137 - Player was attacked by a basic enemy
  2022-05-30 16:48:53 INFO  Game:137 - Player was attacked by a basic enemy
  2022-05-30 16:48:53 INFO  Game:137 - Player was attacked by a basic enemy
  2022-05-30 16:48:53 INFO  Game:137 - Player was attacked by a basic enemy
  2022-05-30 16:48:53 INFO  Game:137 - Player was attacked by a basic enemy
  2022-05-30 16:48:53 INFO  Game:137 - Player was attacked by a basic enemy
  2022-05-30 16:48:53 INFO  Game:137 - Player was attacked by a basic enemy
  2022-05-30 16:48:53 INFO  Game:137 - Player was attacked by a basic enemy
  2022-05-30 16:48:53 INFO  Game:137 - Player was attacked by a basic enemy
  2022-05-30 16:48:53 INFO  Game:137 - Player was attacked by a basic enemy
  2022-05-30 16:48:53 INFO  Game:137 - Player was attacked by a basic enemy
  2022-05-30 16:48:53 INFO  Game:137 - Player was attacked by a basic enemy
  2022-05-30 16:48:53 INFO  Game:137 - Player was attacked by a basic enemy
  2022-05-30 16:48:53 INFO  Game:137 - Player was attacked by a basic enemy
  2022-05-30 16:48:53 INFO  Game:137 - Player was attacked by a basic enemy
  2022-05-30 16:48:53 INFO  Game:137 - Player was attacked by a basic enemy
  2022-05-30 16:48:53 INFO  Game:137 - Player was attacked by a basic enemy
  2022-05-30 16:48:53 INFO  Game:137 - Player was attacked by a basic enemy
  2022-05-30 16:48:53 INFO  Game:137 - Player was attacked by a basic enemy
  2022-05-30 16:48:53 INFO  Game:137 - Player was attacked by a basic enemy
  2022-05-30 16:48:53 INFO  Game:137 - Player was attacked by a basic enemy
  2022-05-30 16:48:53 INFO  Game:137 - Player was attacked by a basic enemy
  2022-05-30 16:48:53 INFO  Game:137 - Player was attacked by a basic enemy
  2022-05-30 16:48:53 INFO  Game:137 - Player was attacked by a basic enemy
  2022-05-30 16:48:53 INFO  Game:137 - Player was attacked by a basic enemy
  2022-05-30 16:48:53 INFO  Game:137 - Player was attacked by a basic enemy
  2022-05-30 16:48:53 INFO  Game:137 - Player was attacked by a basic enemy
  2022-05-30 16:48:53 INFO  Game:137 - Player was attacked by a basic enemy
  2022-05-30 16:48:53 INFO  Game:137 - Player was attacked by a basic enemy
  2022-05-30 16:48:53 INFO  Game:137 - Player was attacked by a basic enemy
  2022-05-30 16:48:53 INFO  Game:137 - Player was attacked by a basic enemy
  2022-05-30 16:48:53 INFO  Game:137 - Player was attacked by a basic enemy
  2022-05-30 16:48:53 INFO  Game:137 - Player was attacked by a basic enemy
  2022-05-30 16:48:54 INFO  Game:137 - Player was attacked by a basic enemy
  2022-05-30 16:48:54 INFO  Game:137 - Player was attacked by a basic enemy
  2022-05-30 16:48:54 INFO  Game:137 - Player was attacked by a basic enemy
  2022-05-30 16:48:54 INFO  Game:137 - Player was attacked by a basic enemy
  2022-05-30 16:48:54 INFO  Game:137 - Player was attacked by a basic enemy
  2022-05-30 16:48:54 INFO  Game:137 - Player was attacked by a basic enemy
  2022-05-30 16:48:54 INFO  Game:137 - Player was attacked by a basic enemy
  2022-05-30 16:48:54 INFO  Game:137 - Player was attacked by a basic enemy
  2022-05-30 16:48:54 INFO  Game:137 - Player was attacked by a basic enemy
  2022-05-30 16:48:54 INFO  Game:137 - Player was attacked by a basic enemy
  2022-05-30 16:48:54 INFO  Game:137 - Player was attacked by a basic enemy
  2022-05-30 16:48:54 INFO  Game:137 - Player was attacked by a basic enemy
  2022-05-30 16:48:54 INFO  Game:137 - Player was attacked by a basic enemy
  2022-05-30 16:48:54 INFO  Game:137 - Player was attacked by a basic enemy
  2022-05-30 16:48:54 INFO  Game:137 - Player was attacked by a basic enemy
  2022-05-30 16:48:54 INFO  Game:137 - Player was attacked by a basic enemy
  2022-05-30 16:48:54 INFO  Game:137 - Player was attacked by a basic enemy
  2022-05-30 16:48:54 INFO  Game:137 - Player was attacked by a basic enemy
  2022-05-30 16:48:54 INFO  Game:137 - Player was attacked by a basic enemy
  2022-05-30 16:48:54 INFO  Game:137 - Player was attacked by a basic enemy
  2022-05-30 16:48:54 INFO  Game:137 - Player was attacked by a basic enemy
  2022-05-30 16:48:54 INFO  Game:137 - Player was attacked by a basic enemy
  2022-05-30 16:48:54 INFO  Game:137 - Player was attacked by a basic enemy
  2022-05-30 16:48:54 INFO  Game:137 - Player was attacked by a basic enemy
  2022-05-30 16:48:54 INFO  Game:137 - Player was attacked by a basic enemy
  2022-05-30 16:48:54 INFO  Game:137 - Player was attacked by a basic enemy
  2022-05-30 16:48:54 INFO  Game:137 - Player was attacked by a basic enemy
  2022-05-30 16:48:54 INFO  Game:137 - Player was attacked by a basic enemy
  2022-05-30 16:48:54 INFO  Game:137 - Player was attacked by a basic enemy
  2022-05-30 16:48:54 INFO  Game:137 - Player was attacked by a basic enemy
  2022-05-30 16:48:54 INFO  Game:137 - Player was attacked by a basic enemy
  2022-05-30 16:48:54 INFO  Game:137 - Player was attacked by a basic enemy
  2022-05-30 16:48:54 INFO  Game:137 - Player was attacked by a basic enemy
  2022-05-30 16:48:54 INFO  Game:137 - Player was attacked by a basic enemy
  2022-05-30 16:48:54 INFO  Game:137 - Player was attacked by a basic enemy
  2022-05-30 16:48:54 INFO  Game:137 - Player was attacked by a basic enemy
  2022-05-30 16:48:54 INFO  Game:137 - Player was attacked by a basic enemy
  2022-05-30 16:48:54 INFO  Game:137 - Player was attacked by a basic enemy
  2022-05-30 16:48:54 INFO  Game:137 - Player was attacked by a basic enemy
  2022-05-30 16:48:54 INFO  Game:137 - Player was attacked by a basic enemy
  2022-05-30 16:48:54 INFO  Game:137 - Player was attacked by a basic enemy
  2022-05-30 16:48:54 INFO  Game:137 - Player was attacked by a basic enemy
  2022-05-30 16:48:54 INFO  Game:137 - Player was attacked by a basic enemy
  2022-05-30 16:48:54 INFO  Game:137 - Player was attacked by a basic enemy
  2022-05-30 16:48:54 INFO  Game:137 - Player was attacked by a basic enemy
  2022-05-30 16:48:54 INFO  Game:137 - Player was attacked by a basic enemy
  2022-05-30 16:48:54 INFO  Game:137 - Player was attacked by a basic enemy
  2022-05-30 16:48:54 INFO  Game:137 - Player was attacked by a basic enemy
  2022-05-30 16:48:54 INFO  Game:137 - Player was attacked by a basic enemy
  2022-05-30 16:48:54 INFO  Game:137 - Player was attacked by a basic enemy
  2022-05-30 16:48:54 INFO  Game:137 - Player was attacked by a basic enemy
  2022-05-30 16:48:54 INFO  Game:137 - Player was attacked by a basic enemy
  2022-05-30 16:48:54 INFO  Game:137 - Player was attacked by a basic enemy
  2022-05-30 16:48:54 INFO  Game:137 - Player was attacked by a basic enemy
  2022-05-30 16:48:54 INFO  Game:137 - Player was attacked by a basic enemy
  2022-05-30 16:48:54 INFO  Game:137 - Player was attacked by a basic enemy
  2022-05-30 16:48:54 INFO  Game:137 - Player was attacked by a basic enemy
  2022-05-30 16:48:54 INFO  Game:137 - Player was attacked by a basic enemy
  2022-05-30 16:48:54 INFO  Game:148 - Player was shot by a projectile
  2022-05-30 16:48:54 INFO  Game:137 - Player was attacked by a basic enemy
  2022-05-30 16:48:54 INFO  Game:137 - Player was attacked by a basic enemy
  2022-05-30 16:48:55 INFO  Game:137 - Player was attacked by a basic enemy
  2022-05-30 16:48:55 INFO  Game:137 - Player was attacked by a basic enemy
  2022-05-30 16:48:55 INFO  Game:137 - Player was attacked by a basic enemy
  2022-05-30 16:48:55 INFO  Game:137 - Player was attacked by a basic enemy
  2022-05-30 16:48:55 INFO  Game:137 - Player was attacked by a basic enemy
  2022-05-30 16:48:55 INFO  Game:137 - Player was attacked by a basic enemy
  2022-05-30 16:48:55 INFO  Game:137 - Player was attacked by a basic enemy
  2022-05-30 16:48:55 INFO  Game:137 - Player was attacked by a basic enemy
  2022-05-30 16:48:55 INFO  Game:137 - Player was attacked by a basic enemy
  2022-05-30 16:48:55 INFO  Game:137 - Player was attacked by a basic enemy
  2022-05-30 16:48:55 INFO  Game:137 - Player was attacked by a basic enemy
  2022-05-30 16:48:55 INFO  Game:137 - Player was attacked by a basic enemy
  2022-05-30 16:48:55 INFO  Game:137 - Player was attacked by a basic enemy
  2022-05-30 16:48:55 INFO  Game:137 - Player was attacked by a basic enemy
  2022-05-30 16:48:55 INFO  Game:137 - Player was attacked by a basic enemy
  2022-05-30 16:48:55 INFO  Game:137 - Player was attacked by a basic enemy
  2022-05-30 16:48:55 INFO  Game:137 - Player was attacked by a basic enemy
  2022-05-30 16:48:55 INFO  Game:137 - Player was attacked by a basic enemy
  2022-05-30 16:48:55 INFO  Game:137 - Player was attacked by a basic enemy
  2022-05-30 16:48:55 INFO  Game:137 - Player was attacked by a basic enemy
  2022-05-30 16:48:55 INFO  Game:137 - Player was attacked by a basic enemy
  2022-05-30 16:48:55 INFO  Game:137 - Player was attacked by a basic enemy
  2022-05-30 16:48:55 INFO  Game:137 - Player was attacked by a basic enemy
  2022-05-30 16:48:55 INFO  Game:137 - Player was attacked by a basic enemy
  2022-05-30 16:48:55 INFO  Game:137 - Player was attacked by a basic enemy
  2022-05-30 16:48:55 INFO  Game:137 - Player was attacked by a basic enemy
  2022-05-30 16:48:55 INFO  Game:137 - Player was attacked by a basic enemy
  2022-05-30 16:48:55 INFO  Game:137 - Player was attacked by a basic enemy
  2022-05-30 16:48:55 INFO  Game:137 - Player was attacked by a basic enemy
  2022-05-30 16:48:55 INFO  Game:137 - Player was attacked by a basic enemy
  2022-05-30 16:48:55 INFO  Game:137 - Player was attacked by a basic enemy
  2022-05-30 16:48:55 INFO  Game:137 - Player was attacked by a basic enemy
  2022-05-30 16:48:55 INFO  Game:137 - Player was attacked by a basic enemy
  2022-05-30 16:48:55 INFO  Game:137 - Player was attacked by a basic enemy
  2022-05-30 16:48:55 INFO  Game:137 - Player was attacked by a basic enemy
  2022-05-30 16:48:55 INFO  Game:137 - Player was attacked by a basic enemy
  2022-05-30 16:48:55 INFO  Game:137 - Player was attacked by a basic enemy
  2022-05-30 16:48:55 INFO  Game:137 - Player was attacked by a basic enemy
  2022-05-30 16:48:55 INFO  Game:137 - Player was attacked by a basic enemy
  2022-05-30 16:48:55 INFO  Game:137 - Player was attacked by a basic enemy
  2022-05-30 16:48:55 INFO  Game:137 - Player was attacked by a basic enemy
  2022-05-30 16:48:55 INFO  Game:137 - Player was attacked by a basic enemy
  2022-05-30 16:48:55 INFO  Game:137 - Player was attacked by a basic enemy
  2022-05-30 16:48:55 INFO  Game:137 - Player was attacked by a basic enemy
  2022-05-30 16:48:55 INFO  Game:137 - Player was attacked by a basic enemy
  2022-05-30 16:48:55 INFO  Game:137 - Player was attacked by a basic enemy
  2022-05-30 16:48:55 INFO  Game:137 - Player was attacked by a basic enemy
  2022-05-30 16:48:55 INFO  Game:137 - Player was attacked by a basic enemy
  2022-05-30 16:48:55 INFO  Game:137 - Player was attacked by a basic enemy
  2022-05-30 16:48:55 INFO  Game:137 - Player was attacked by a basic enemy
  2022-05-30 16:48:55 INFO  Game:137 - Player was attacked by a basic enemy
  2022-05-30 16:48:55 INFO  Game:137 - Player was attacked by a basic enemy
  2022-05-30 16:48:55 INFO  Game:137 - Player was attacked by a basic enemy
  2022-05-30 16:48:55 INFO  Game:137 - Player was attacked by a basic enemy
  2022-05-30 16:48:55 INFO  Game:137 - Player was attacked by a basic enemy
  2022-05-30 16:48:55 INFO  Game:137 - Player was attacked by a basic enemy
  2022-05-30 16:48:55 INFO  Game:137 - Player was attacked by a basic enemy
  2022-05-30 16:48:55 INFO  Game:137 - Player was attacked by a basic enemy
  2022-05-30 16:48:55 INFO  Game:137 - Player was attacked by a basic enemy
  2022-05-30 16:48:55 INFO  Game:137 - Player was attacked by a basic enemy
  2022-05-30 16:48:56 INFO  Game:137 - Player was attacked by a basic enemy
  2022-05-30 16:48:56 INFO  Game:137 - Player was attacked by a basic enemy
  2022-05-30 16:48:56 INFO  Game:137 - Player was attacked by a basic enemy
  2022-05-30 16:48:56 INFO  Game:137 - Player was attacked by a basic enemy
  2022-05-30 16:48:56 INFO  Game:137 - Player was attacked by a basic enemy
  2022-05-30 16:48:56 INFO  Game:137 - Player was attacked by a basic enemy
  2022-05-30 16:48:56 INFO  Game:137 - Player was attacked by a basic enemy
  2022-05-30 16:48:56 INFO  Game:137 - Player was attacked by a basic enemy
  2022-05-30 16:48:56 INFO  Game:137 - Player was attacked by a basic enemy
  2022-05-30 16:48:56 INFO  Game:137 - Player was attacked by a basic enemy
  2022-05-30 16:48:56 INFO  Game:137 - Player was attacked by a basic enemy
  2022-05-30 16:48:56 INFO  Game:137 - Player was attacked by a basic enemy
  2022-05-30 16:48:56 INFO  Game:137 - Player was attacked by a basic enemy
  2022-05-30 16:48:56 INFO  Game:137 - Player was attacked by a basic enemy
  2022-05-30 16:48:56 INFO  Game:137 - Player was attacked by a basic enemy
  2022-05-30 16:48:56 INFO  Game:137 - Player was attacked by a basic enemy
  2022-05-30 16:48:56 INFO  Game:137 - Player was attacked by a basic enemy
  2022-05-30 16:48:56 INFO  Game:137 - Player was attacked by a basic enemy
  2022-05-30 16:48:56 INFO  Game:137 - Player was attacked by a basic enemy
  2022-05-30 16:48:56 INFO  Game:137 - Player was attacked by a basic enemy
  2022-05-30 16:48:56 INFO  Game:137 - Player was attacked by a basic enemy
  2022-05-30 16:48:56 INFO  Game:137 - Player was attacked by a basic enemy
  2022-05-30 16:48:56 INFO  Game:137 - Player was attacked by a basic enemy
  2022-05-30 16:48:56 INFO  Game:137 - Player was attacked by a basic enemy
  2022-05-30 16:48:56 INFO  Game:137 - Player was attacked by a basic enemy
  2022-05-30 16:48:56 INFO  Game:137 - Player was attacked by a basic enemy
  2022-05-30 16:48:56 INFO  Game:137 - Player was attacked by a basic enemy
  2022-05-30 16:48:56 INFO  Game:137 - Player was attacked by a basic enemy
  2022-05-30 16:48:56 INFO  Game:137 - Player was attacked by a basic enemy
  2022-05-30 16:48:56 INFO  Game:137 - Player was attacked by a basic enemy
  2022-05-30 16:48:56 INFO  Game:137 - Player was attacked by a basic enemy
  2022-05-30 16:48:56 INFO  Game:137 - Player was attacked by a basic enemy
  2022-05-30 16:48:56 INFO  Game:137 - Player was attacked by a basic enemy
  2022-05-30 16:48:56 INFO  Game:137 - Player was attacked by a basic enemy
  2022-05-30 16:48:56 INFO  Game:137 - Player was attacked by a basic enemy
  2022-05-30 16:48:56 INFO  Game:137 - Player was attacked by a basic enemy
  2022-05-30 16:48:56 INFO  Game:137 - Player was attacked by a basic enemy
  2022-05-30 16:48:56 INFO  Game:137 - Player was attacked by a basic enemy
  2022-05-30 16:48:56 INFO  Game:137 - Player was attacked by a basic enemy
  2022-05-30 16:48:56 INFO  Game:137 - Player was attacked by a basic enemy
  2022-05-30 16:48:56 INFO  Game:137 - Player was attacked by a basic enemy
  2022-05-30 16:48:56 INFO  Game:137 - Player was attacked by a basic enemy
  2022-05-30 16:48:56 INFO  Game:137 - Player was attacked by a basic enemy
  2022-05-30 16:48:56 INFO  Game:137 - Player was attacked by a basic enemy
  2022-05-30 16:48:56 INFO  Game:137 - Player was attacked by a basic enemy
  2022-05-30 16:48:56 INFO  Game:137 - Player was attacked by a basic enemy
  2022-05-30 16:48:56 INFO  Game:137 - Player was attacked by a basic enemy
  2022-05-30 16:48:56 INFO  Game:137 - Player was attacked by a basic enemy
  2022-05-30 16:48:56 INFO  Game:137 - Player was attacked by a basic enemy
  2022-05-30 16:48:56 INFO  Game:137 - Player was attacked by a basic enemy
  2022-05-30 16:48:56 INFO  Game:137 - Player was attacked by a basic enemy
  2022-05-30 16:48:56 INFO  Game:137 - Player was attacked by a basic enemy
  2022-05-30 16:48:56 INFO  Game:137 - Player was attacked by a basic enemy
  2022-05-30 16:48:56 INFO  Game:137 - Player was attacked by a basic enemy
  2022-05-30 16:48:56 INFO  Game:137 - Player was attacked by a basic enemy
  2022-05-30 16:48:56 INFO  Game:137 - Player was attacked by a basic enemy
  2022-05-30 16:48:56 INFO  Game:137 - Player was attacked by a basic enemy
  2022-05-30 16:48:56 INFO  Game:137 - Player was attacked by a basic enemy
  2022-05-30 16:48:56 INFO  Game:137 - Player was attacked by a basic enemy
  2022-05-30 16:48:56 INFO  Game:137 - Player was attacked by a basic enemy
  2022-05-30 16:48:57 INFO  Game:137 - Player was attacked by a basic enemy
  2022-05-30 16:48:57 INFO  Game:137 - Player was attacked by a basic enemy
  2022-05-30 16:48:57 INFO  Game:137 - Player was attacked by a basic enemy
  2022-05-30 16:48:57 INFO  Game:137 - Player was attacked by a basic enemy
  2022-05-30 16:48:57 INFO  Game:137 - Player was attacked by a basic enemy
  2022-05-30 16:48:57 INFO  Game:137 - Player was attacked by a basic enemy
  2022-05-30 16:48:57 INFO  Game:137 - Player was attacked by a basic enemy
  2022-05-30 16:48:57 INFO  Game:137 - Player was attacked by a basic enemy
  2022-05-30 16:48:57 INFO  Game:137 - Player was attacked by a basic enemy
  2022-05-30 16:48:57 INFO  Game:137 - Player was attacked by a basic enemy
  2022-05-30 16:48:57 INFO  Game:137 - Player was attacked by a basic enemy
  2022-05-30 16:48:57 INFO  Game:137 - Player was attacked by a basic enemy
  2022-05-30 16:48:57 INFO  Game:137 - Player was attacked by a basic enemy
  2022-05-30 16:48:57 INFO  Game:137 - Player was attacked by a basic enemy
  2022-05-30 16:48:57 INFO  Game:137 - Player was attacked by a basic enemy
  2022-05-30 16:48:57 INFO  Game:137 - Player was attacked by a basic enemy
  2022-05-30 16:48:57 INFO  Game:137 - Player was attacked by a basic enemy
  2022-05-30 16:48:57 INFO  Game:137 - Player was attacked by a basic enemy
  2022-05-30 16:48:57 INFO  Game:137 - Player was attacked by a basic enemy
  2022-05-30 16:48:57 INFO  Game:137 - Player was attacked by a basic enemy
  2022-05-30 16:48:57 INFO  Game:137 - Player was attacked by a basic enemy
  2022-05-30 16:48:57 INFO  Game:137 - Player was attacked by a basic enemy
  2022-05-30 16:48:57 INFO  Game:137 - Player was attacked by a basic enemy
  2022-05-30 16:48:57 INFO  Game:137 - Player was attacked by a basic enemy
  2022-05-30 16:48:57 INFO  Game:137 - Player was attacked by a basic enemy
  2022-05-30 16:48:57 INFO  Game:137 - Player was attacked by a basic enemy
  2022-05-30 16:48:57 INFO  Game:137 - Player was attacked by a basic enemy
  2022-05-30 16:48:57 INFO  Game:137 - Player was attacked by a basic enemy
  2022-05-30 16:48:57 INFO  Game:137 - Player was attacked by a basic enemy
  2022-05-30 16:48:57 INFO  Game:137 - Player was attacked by a basic enemy
  2022-05-30 16:48:57 INFO  Game:137 - Player was attacked by a basic enemy
  2022-05-30 16:48:57 INFO  Game:137 - Player was attacked by a basic enemy
  2022-05-30 16:48:57 INFO  Game:137 - Player was attacked by a basic enemy
  2022-05-30 16:48:57 INFO  Game:137 - Player was attacked by a basic enemy
  2022-05-30 16:48:57 INFO  Game:137 - Player was attacked by a basic enemy
  2022-05-30 16:48:57 INFO  Game:137 - Player was attacked by a basic enemy
  2022-05-30 16:48:57 INFO  Game:137 - Player was attacked by a basic enemy
  2022-05-30 16:48:57 INFO  Game:137 - Player was attacked by a basic enemy
  2022-05-30 16:48:57 INFO  Game:137 - Player was attacked by a basic enemy
  2022-05-30 16:48:57 INFO  Game:137 - Player was attacked by a basic enemy
  2022-05-30 16:48:57 INFO  Game:137 - Player was attacked by a basic enemy
  2022-05-30 16:48:57 INFO  Game:137 - Player was attacked by a basic enemy
  2022-05-30 16:48:57 INFO  Game:137 - Player was attacked by a basic enemy
  2022-05-30 16:48:57 INFO  Game:137 - Player was attacked by a basic enemy
  2022-05-30 16:48:57 INFO  Game:137 - Player was attacked by a basic enemy
  2022-05-30 16:48:57 INFO  Game:137 - Player was attacked by a basic enemy
  2022-05-30 16:48:57 INFO  Game:137 - Player was attacked by a basic enemy
  2022-05-30 16:48:57 INFO  Game:137 - Player was attacked by a basic enemy
  2022-05-30 16:48:57 INFO  Game:137 - Player was attacked by a basic enemy
  2022-05-30 16:48:57 INFO  Game:137 - Player was attacked by a basic enemy
  2022-05-30 16:48:57 INFO  Game:137 - Player was attacked by a basic enemy
  2022-05-30 16:48:57 INFO  Game:137 - Player was attacked by a basic enemy
  2022-05-30 16:48:57 INFO  Game:137 - Player was attacked by a basic enemy
  2022-05-30 16:48:57 INFO  Game:137 - Player was attacked by a basic enemy
  2022-05-30 16:48:57 INFO  Game:137 - Player was attacked by a basic enemy
  2022-05-30 16:48:57 INFO  Game:137 - Player was attacked by a basic enemy
  2022-05-30 16:48:57 INFO  Game:137 - Player was attacked by a basic enemy
  2022-05-30 16:48:57 INFO  Game:137 - Player was attacked by a basic enemy
  2022-05-30 16:48:57 INFO  Game:137 - Player was attacked by a basic enemy
  2022-05-30 16:48:57 INFO  Game:137 - Player was attacked by a basic enemy
  2022-05-30 16:48:58 INFO  Game:137 - Player was attacked by a basic enemy
  2022-05-30 16:48:58 INFO  Game:137 - Player was attacked by a basic enemy
  2022-05-30 16:48:58 INFO  Game:137 - Player was attacked by a basic enemy
  2022-05-30 16:48:58 INFO  Game:137 - Player was attacked by a basic enemy
  2022-05-30 16:48:58 INFO  Game:137 - Player was attacked by a basic enemy
  2022-05-30 16:48:58 INFO  Game:137 - Player was attacked by a basic enemy
  2022-05-30 16:48:58 INFO  Game:137 - Player was attacked by a basic enemy
  2022-05-30 16:48:58 INFO  Game:137 - Player was attacked by a basic enemy
  2022-05-30 16:48:58 INFO  Game:137 - Player was attacked by a basic enemy
  2022-05-30 16:48:58 INFO  Game:137 - Player was attacked by a basic enemy
  2022-05-30 16:48:58 INFO  Game:137 - Player was attacked by a basic enemy
  2022-05-30 16:48:58 INFO  Game:137 - Player was attacked by a basic enemy
  2022-05-30 16:48:58 INFO  Game:137 - Player was attacked by a basic enemy
  2022-05-30 16:48:58 INFO  Game:137 - Player was attacked by a basic enemy
  2022-05-30 16:48:58 INFO  Game:137 - Player was attacked by a basic enemy
  2022-05-30 16:48:58 INFO  Game:137 - Player was attacked by a basic enemy
  2022-05-30 16:48:58 INFO  Game:137 - Player was attacked by a basic enemy
  2022-05-30 16:48:58 INFO  Game:137 - Player was attacked by a basic enemy
  2022-05-30 16:48:58 INFO  Game:137 - Player was attacked by a basic enemy
  2022-05-30 16:48:58 INFO  Game:137 - Player was attacked by a basic enemy
  2022-05-30 16:48:58 INFO  Game:137 - Player was attacked by a basic enemy
  2022-05-30 16:48:58 INFO  Game:137 - Player was attacked by a basic enemy
  2022-05-30 16:48:58 INFO  Game:137 - Player was attacked by a basic enemy
  2022-05-30 16:48:58 INFO  Game:137 - Player was attacked by a basic enemy
  2022-05-30 16:48:58 INFO  Game:137 - Player was attacked by a basic enemy
  2022-05-30 16:48:58 INFO  Game:137 - Player was attacked by a basic enemy
  2022-05-30 16:48:58 INFO  Game:137 - Player was attacked by a basic enemy
  2022-05-30 16:48:58 INFO  Game:137 - Player was attacked by a basic enemy
  2022-05-30 16:48:58 INFO  Game:137 - Player was attacked by a basic enemy
  2022-05-30 16:48:58 INFO  Game:137 - Player was attacked by a basic enemy
  2022-05-30 16:48:58 INFO  Game:137 - Player was attacked by a basic enemy
  2022-05-30 16:48:58 INFO  Game:137 - Player was attacked by a basic enemy
  2022-05-30 16:48:58 INFO  Game:137 - Player was attacked by a basic enemy
  2022-05-30 16:48:58 INFO  Game:137 - Player was attacked by a basic enemy
  2022-05-30 16:48:58 INFO  Game:137 - Player was attacked by a basic enemy
  2022-05-30 16:48:58 INFO  Game:137 - Player was attacked by a basic enemy
  2022-05-30 16:48:58 INFO  Game:137 - Player was attacked by a basic enemy
  2022-05-30 16:48:58 INFO  Game:137 - Player was attacked by a basic enemy
  2022-05-30 16:48:58 INFO  Game:137 - Player was attacked by a basic enemy
  2022-05-30 16:48:58 INFO  Game:137 - Player was attacked by a basic enemy
  2022-05-30 16:48:58 INFO  Game:137 - Player was attacked by a basic enemy
  2022-05-30 16:48:58 INFO  Game:137 - Player was attacked by a basic enemy
  2022-05-30 16:48:58 INFO  Game:137 - Player was attacked by a basic enemy
  2022-05-30 16:48:58 INFO  Game:137 - Player was attacked by a basic enemy
  2022-05-30 16:48:58 INFO  Game:137 - Player was attacked by a basic enemy
  2022-05-30 16:48:58 INFO  Game:137 - Player was attacked by a basic enemy
  2022-05-30 16:48:58 INFO  Game:137 - Player was attacked by a basic enemy
  2022-05-30 16:48:58 INFO  Game:137 - Player was attacked by a basic enemy
  2022-05-30 16:48:58 INFO  Game:137 - Player was attacked by a basic enemy
  2022-05-30 16:48:58 INFO  Game:137 - Player was attacked by a basic enemy
  2022-05-30 16:48:58 INFO  Game:137 - Player was attacked by a basic enemy
  2022-05-30 16:48:58 INFO  Game:137 - Player was attacked by a basic enemy
  2022-05-30 16:48:58 INFO  Game:137 - Player was attacked by a basic enemy
  2022-05-30 16:48:58 INFO  Game:137 - Player was attacked by a basic enemy
  2022-05-30 16:48:58 INFO  Game:137 - Player was attacked by a basic enemy
  2022-05-30 16:48:58 INFO  Game:137 - Player was attacked by a basic enemy
  2022-05-30 16:48:58 INFO  Game:137 - Player was attacked by a basic enemy
  2022-05-30 16:48:58 INFO  Game:137 - Player was attacked by a basic enemy
  2022-05-30 16:48:58 INFO  Game:137 - Player was attacked by a basic enemy
  2022-05-30 16:48:58 INFO  Game:137 - Player was attacked by a basic enemy
  2022-05-30 16:48:59 INFO  Game:137 - Player was attacked by a basic enemy
  2022-05-30 16:48:59 INFO  Game:137 - Player was attacked by a basic enemy
  2022-05-30 16:48:59 INFO  Game:137 - Player was attacked by a basic enemy
  2022-05-30 16:48:59 INFO  Game:137 - Player was attacked by a basic enemy
  2022-05-30 16:48:59 INFO  Game:137 - Player was attacked by a basic enemy
  2022-05-30 16:48:59 INFO  Game:137 - Player was attacked by a basic enemy
  2022-05-30 16:48:59 INFO  Game:137 - Player was attacked by a basic enemy
  2022-05-30 16:48:59 INFO  Game:137 - Player was attacked by a basic enemy
  2022-05-30 16:48:59 INFO  Game:137 - Player was attacked by a basic enemy
  2022-05-30 16:48:59 INFO  Game:137 - Player was attacked by a basic enemy
  2022-05-30 16:48:59 INFO  Game:137 - Player was attacked by a basic enemy
  2022-05-30 16:48:59 INFO  Game:137 - Player was attacked by a basic enemy
  2022-05-30 16:48:59 INFO  Game:137 - Player was attacked by a basic enemy
  2022-05-30 16:48:59 INFO  Game:137 - Player was attacked by a basic enemy
  2022-05-30 16:48:59 INFO  Game:137 - Player was attacked by a basic enemy
  2022-05-30 16:48:59 INFO  Game:137 - Player was attacked by a basic enemy
  2022-05-30 16:48:59 INFO  Game:137 - Player was attacked by a basic enemy
  2022-05-30 16:48:59 INFO  Game:137 - Player was attacked by a basic enemy
  2022-05-30 16:48:59 INFO  Game:137 - Player was attacked by a basic enemy
  2022-05-30 16:48:59 INFO  Game:137 - Player was attacked by a basic enemy
  2022-05-30 16:48:59 INFO  Game:137 - Player was attacked by a basic enemy
  2022-05-30 16:48:59 INFO  Game:137 - Player was attacked by a basic enemy
  2022-05-30 16:48:59 INFO  Game:137 - Player was attacked by a basic enemy
  2022-05-30 16:48:59 INFO  Game:137 - Player was attacked by a basic enemy
  2022-05-30 16:48:59 INFO  Game:137 - Player was attacked by a basic enemy
  2022-05-30 16:48:59 INFO  Game:137 - Player was attacked by a basic enemy
  2022-05-30 16:48:59 INFO  Game:137 - Player was attacked by a basic enemy
  2022-05-30 16:48:59 INFO  Game:137 - Player was attacked by a basic enemy
  2022-05-30 16:48:59 INFO  Game:137 - Player was attacked by a basic enemy
  2022-05-30 16:48:59 INFO  Game:137 - Player was attacked by a basic enemy
  2022-05-30 16:48:59 INFO  Game:137 - Player was attacked by a basic enemy
  2022-05-30 16:48:59 INFO  Game:137 - Player was attacked by a basic enemy
  2022-05-30 16:48:59 INFO  Game:137 - Player was attacked by a basic enemy
  2022-05-30 16:48:59 INFO  Game:137 - Player was attacked by a basic enemy
  2022-05-30 16:48:59 INFO  Game:137 - Player was attacked by a basic enemy
  2022-05-30 16:48:59 INFO  Game:137 - Player was attacked by a basic enemy
  2022-05-30 16:48:59 INFO  Game:137 - Player was attacked by a basic enemy
  2022-05-30 16:48:59 INFO  Game:137 - Player was attacked by a basic enemy
  2022-05-30 16:48:59 INFO  Game:137 - Player was attacked by a basic enemy
  2022-05-30 16:48:59 INFO  Game:137 - Player was attacked by a basic enemy
  2022-05-30 16:48:59 INFO  Game:137 - Player was attacked by a basic enemy
  2022-05-30 16:48:59 INFO  Game:137 - Player was attacked by a basic enemy
  2022-05-30 16:48:59 INFO  Game:137 - Player was attacked by a basic enemy
  2022-05-30 16:48:59 INFO  Game:137 - Player was attacked by a basic enemy
  2022-05-30 16:48:59 INFO  Game:137 - Player was attacked by a basic enemy
  2022-05-30 16:48:59 INFO  Game:137 - Player was attacked by a basic enemy
  2022-05-30 16:48:59 INFO  Game:137 - Player was attacked by a basic enemy
  2022-05-30 16:48:59 INFO  Game:137 - Player was attacked by a basic enemy
  2022-05-30 16:48:59 INFO  Game:137 - Player was attacked by a basic enemy
  2022-05-30 16:48:59 INFO  Game:137 - Player was attacked by a basic enemy
  2022-05-30 16:48:59 INFO  Game:137 - Player was attacked by a basic enemy
  2022-05-30 16:48:59 INFO  Game:137 - Player was attacked by a basic enemy
  2022-05-30 16:48:59 INFO  Game:137 - Player was attacked by a basic enemy
  2022-05-30 16:48:59 INFO  Game:137 - Player was attacked by a basic enemy
  2022-05-30 16:48:59 INFO  Game:137 - Player was attacked by a basic enemy
  2022-05-30 16:48:59 INFO  Game:137 - Player was attacked by a basic enemy
  2022-05-30 16:48:59 INFO  Game:137 - Player was attacked by a basic enemy
  2022-05-30 16:48:59 INFO  Game:137 - Player was attacked by a basic enemy
  2022-05-30 16:48:59 INFO  Game:137 - Player was attacked by a basic enemy
  2022-05-30 16:48:59 INFO  Game:137 - Player was attacked by a basic enemy
  2022-05-30 16:49:00 INFO  Game:137 - Player was attacked by a basic enemy
  2022-05-30 16:49:00 INFO  Game:137 - Player was attacked by a basic enemy
  2022-05-30 16:49:00 INFO  Game:137 - Player was attacked by a basic enemy
  2022-05-30 16:49:00 INFO  Game:137 - Player was attacked by a basic enemy
  2022-05-30 16:49:00 INFO  Game:137 - Player was attacked by a basic enemy
  2022-05-30 16:49:00 INFO  Game:137 - Player was attacked by a basic enemy
  2022-05-30 16:49:00 INFO  Game:137 - Player was attacked by a basic enemy
  2022-05-30 16:49:00 INFO  Game:137 - Player was attacked by a basic enemy
  2022-05-30 16:49:00 INFO  Game:137 - Player was attacked by a basic enemy
  2022-05-30 16:49:00 INFO  Game:137 - Player was attacked by a basic enemy
  2022-05-30 16:49:00 INFO  Game:137 - Player was attacked by a basic enemy
  2022-05-30 16:49:00 INFO  Game:137 - Player was attacked by a basic enemy
  2022-05-30 16:49:00 INFO  Game:137 - Player was attacked by a basic enemy
  2022-05-30 16:49:00 INFO  Game:137 - Player was attacked by a basic enemy
  2022-05-30 16:49:00 INFO  Game:137 - Player was attacked by a basic enemy
  2022-05-30 16:49:00 INFO  Game:137 - Player was attacked by a basic enemy
  2022-05-30 16:49:00 INFO  Game:137 - Player was attacked by a basic enemy
  2022-05-30 16:49:01 INFO  Game:137 - Player was attacked by a basic enemy
  2022-05-30 16:49:01 INFO  Game:137 - Player was attacked by a basic enemy
  2022-05-30 16:49:01 INFO  Game:137 - Player was attacked by a basic enemy
  2022-05-30 16:49:01 INFO  Game:137 - Player was attacked by a basic enemy
  2022-05-30 16:49:01 INFO  Game:137 - Player was attacked by a basic enemy
  2022-05-30 16:49:01 INFO  Game:137 - Player was attacked by a basic enemy
  2022-05-30 16:49:01 INFO  Game:137 - Player was attacked by a basic enemy
  2022-05-30 16:49:01 INFO  Game:137 - Player was attacked by a basic enemy
  2022-05-30 16:49:01 INFO  Game:137 - Player was attacked by a basic enemy
  2022-05-30 16:49:01 INFO  Game:137 - Player was attacked by a basic enemy
  2022-05-30 16:49:01 INFO  Game:137 - Player was attacked by a basic enemy
  2022-05-30 16:49:01 INFO  Game:137 - Player was attacked by a basic enemy
  2022-05-30 16:49:01 INFO  Game:137 - Player was attacked by a basic enemy
  2022-05-30 16:49:01 INFO  Game:137 - Player was attacked by a basic enemy
  2022-05-30 16:49:02 INFO  Game:128 - Player killed a basic enemy
  2022-05-30 16:49:04 INFO  Game:137 - Player was attacked by a basic enemy
  2022-05-30 16:49:04 INFO  Game:137 - Player was attacked by a basic enemy
  2022-05-30 16:49:04 INFO  Game:137 - Player was attacked by a basic enemy
  2022-05-30 16:49:04 INFO  Game:137 - Player was attacked by a basic enemy
  2022-05-30 16:49:04 INFO  Game:137 - Player was attacked by a basic enemy
  2022-05-30 16:49:04 INFO  Game:137 - Player was attacked by a basic enemy
  2022-05-30 16:49:04 INFO  Game:137 - Player was attacked by a basic enemy
  2022-05-30 16:49:04 INFO  Game:137 - Player was attacked by a basic enemy
  2022-05-30 16:49:04 INFO  Game:137 - Player was attacked by a basic enemy
  2022-05-30 16:49:04 INFO  Game:137 - Player was attacked by a basic enemy
  2022-05-30 16:49:04 INFO  Game:137 - Player was attacked by a basic enemy
  2022-05-30 16:49:04 INFO  Game:137 - Player was attacked by a basic enemy
  2022-05-30 16:49:04 INFO  Game:137 - Player was attacked by a basic enemy
  2022-05-30 16:49:04 INFO  Game:137 - Player was attacked by a basic enemy
  2022-05-30 16:49:04 INFO  Game:137 - Player was attacked by a basic enemy
  2022-05-30 16:49:04 INFO  Game:137 - Player was attacked by a basic enemy
  2022-05-30 16:49:05 INFO  Game:137 - Player was attacked by a basic enemy
  2022-05-30 16:49:05 INFO  Game:137 - Player was attacked by a basic enemy
  2022-05-30 16:49:05 INFO  Game:137 - Player was attacked by a basic enemy
  2022-05-30 16:49:05 INFO  Game:137 - Player was attacked by a basic enemy
  2022-05-30 16:49:05 INFO  Game:137 - Player was attacked by a basic enemy
  2022-05-30 16:49:05 INFO  Game:137 - Player was attacked by a basic enemy
  2022-05-30 16:49:05 INFO  Game:137 - Player was attacked by a basic enemy
  2022-05-30 16:49:05 INFO  Game:137 - Player was attacked by a basic enemy
  2022-05-30 16:49:05 INFO  Game:137 - Player was attacked by a basic enemy
  2022-05-30 16:49:05 INFO  Game:137 - Player was attacked by a basic enemy
  2022-05-30 16:49:05 INFO  Game:137 - Player was attacked by a basic enemy
  2022-05-30 16:49:05 INFO  Game:137 - Player was attacked by a basic enemy
  2022-05-30 16:49:05 INFO  Game:137 - Player was attacked by a basic enemy
  2022-05-30 16:49:05 INFO  Game:137 - Player was attacked by a basic enemy
  2022-05-30 16:49:05 INFO  Game:137 - Player was attacked by a basic enemy
  2022-05-30 16:49:05 INFO  Game:137 - Player was attacked by a basic enemy
  2022-05-30 16:49:05 INFO  Game:137 - Player was attacked by a basic enemy
  2022-05-30 16:49:05 INFO  Game:137 - Player was attacked by a basic enemy
  2022-05-30 16:49:06 INFO  Game:137 - Player was attacked by a basic enemy
  2022-05-30 16:49:06 INFO  Game:137 - Player was attacked by a basic enemy
  2022-05-30 16:49:06 INFO  Game:137 - Player was attacked by a basic enemy
  2022-05-30 16:49:06 INFO  Game:137 - Player was attacked by a basic enemy
  2022-05-30 16:49:06 INFO  Game:137 - Player was attacked by a basic enemy
  2022-05-30 16:49:06 INFO  Game:137 - Player was attacked by a basic enemy
  2022-05-30 16:49:06 INFO  Game:137 - Player was attacked by a basic enemy
  2022-05-30 16:49:06 INFO  Game:137 - Player was attacked by a basic enemy
  2022-05-30 16:49:06 INFO  Game:137 - Player was attacked by a basic enemy
  2022-05-30 16:49:06 INFO  Game:137 - Player was attacked by a basic enemy
  2022-05-30 16:49:06 INFO  Game:137 - Player was attacked by a basic enemy
  2022-05-30 16:49:06 INFO  Game:137 - Player was attacked by a basic enemy
  2022-05-30 16:49:07 INFO  Game:137 - Player was attacked by a basic enemy
  2022-05-30 16:49:07 INFO  Game:137 - Player was attacked by a basic enemy
  2022-05-30 16:49:07 INFO  Game:137 - Player was attacked by a basic enemy
  2022-05-30 16:49:07 INFO  Game:137 - Player was attacked by a basic enemy
  2022-05-30 16:49:07 INFO  Game:137 - Player was attacked by a basic enemy
  2022-05-30 16:49:07 INFO  Game:137 - Player was attacked by a basic enemy
  2022-05-30 16:49:07 INFO  Game:137 - Player was attacked by a basic enemy
  2022-05-30 16:49:07 INFO  Game:137 - Player was attacked by a basic enemy
  2022-05-30 16:49:07 INFO  Game:137 - Player was attacked by a basic enemy
  2022-05-30 16:49:07 INFO  Game:137 - Player was attacked by a basic enemy
  2022-05-30 16:49:07 INFO  Game:137 - Player was attacked by a basic enemy
  2022-05-30 16:49:07 INFO  Game:137 - Player was attacked by a basic enemy
  2022-05-30 16:49:07 INFO  Game:137 - Player was attacked by a basic enemy
  2022-05-30 16:49:07 INFO  Game:137 - Player was attacked by a basic enemy
  2022-05-30 16:49:07 INFO  Game:137 - Player was attacked by a basic enemy
  2022-05-30 16:49:07 INFO  Game:137 - Player was attacked by a basic enemy
  2022-05-30 16:49:07 INFO  Game:137 - Player was attacked by a basic enemy
  2022-05-30 16:49:07 INFO  Game:137 - Player was attacked by a basic enemy
  2022-05-30 16:49:07 INFO  Game:137 - Player was attacked by a basic enemy
  2022-05-30 16:49:07 INFO  Game:137 - Player was attacked by a basic enemy
  2022-05-30 16:49:07 INFO  Game:137 - Player was attacked by a basic enemy
  2022-05-30 16:49:07 INFO  Game:137 - Player was attacked by a basic enemy
  2022-05-30 16:49:07 INFO  Game:137 - Player was attacked by a basic enemy
  2022-05-30 16:49:07 INFO  Game:137 - Player was attacked by a basic enemy
  2022-05-30 16:49:07 INFO  Game:137 - Player was attacked by a basic enemy
  2022-05-30 16:49:07 INFO  Game:137 - Player was attacked by a basic enemy
  2022-05-30 16:49:07 INFO  Game:137 - Player was attacked by a basic enemy
  2022-05-30 16:49:07 INFO  Game:137 - Player was attacked by a basic enemy
  2022-05-30 16:49:07 INFO  Game:137 - Player was attacked by a basic enemy
  2022-05-30 16:49:07 INFO  Game:137 - Player was attacked by a basic enemy
  2022-05-30 16:49:07 INFO  Game:137 - Player was attacked by a basic enemy
  2022-05-30 16:49:07 INFO  Game:137 - Player was attacked by a basic enemy
  2022-05-30 16:49:07 INFO  Game:137 - Player was attacked by a basic enemy
  2022-05-30 16:49:07 INFO  Game:137 - Player was attacked by a basic enemy
  2022-05-30 16:49:07 INFO  Game:137 - Player was attacked by a basic enemy
  2022-05-30 16:49:07 INFO  Game:137 - Player was attacked by a basic enemy
  2022-05-30 16:49:07 INFO  Game:137 - Player was attacked by a basic enemy
  2022-05-30 16:49:07 INFO  Game:137 - Player was attacked by a basic enemy
  2022-05-30 16:49:07 INFO  Game:137 - Player was attacked by a basic enemy
  2022-05-30 16:49:07 INFO  Game:137 - Player was attacked by a basic enemy
  2022-05-30 16:49:07 INFO  Game:137 - Player was attacked by a basic enemy
  2022-05-30 16:49:07 INFO  Game:137 - Player was attacked by a basic enemy
  2022-05-30 16:49:07 INFO  Game:137 - Player was attacked by a basic enemy
  2022-05-30 16:49:07 INFO  Game:137 - Player was attacked by a basic enemy
  2022-05-30 16:49:07 INFO  Game:137 - Player was attacked by a basic enemy
  2022-05-30 16:49:07 INFO  Game:137 - Player was attacked by a basic enemy
  2022-05-30 16:49:07 INFO  Game:137 - Player was attacked by a basic enemy
  2022-05-30 16:49:07 INFO  Game:137 - Player was attacked by a basic enemy
  2022-05-30 16:49:07 INFO  Game:137 - Player was attacked by a basic enemy
  2022-05-30 16:49:07 INFO  Game:137 - Player was attacked by a basic enemy
  2022-05-30 16:49:07 INFO  Game:137 - Player was attacked by a basic enemy
  2022-05-30 16:49:07 INFO  Game:137 - Player was attacked by a basic enemy
  2022-05-30 16:49:07 INFO  Game:137 - Player was attacked by a basic enemy
  2022-05-30 16:49:11 INFO  Game:155 - Player was in the range of an explosive enemy
  2022-05-30 16:49:11 INFO  Game:95 - Player died
  2022-05-30 16:51:54 INFO  Game:22 - Username set: stefans
  2022-05-30 16:52:33 INFO  Game:22 - Username set: stefans
  2022-05-30 16:53:03 INFO  Game:100 - stefans joined the level
  2022-05-30 16:53:03 INFO  Game:101 - level1 has been loaded
  2022-05-30 16:53:54 INFO  Game:22 - Username set: stefans
  2022-05-30 16:54:16 INFO  Game:100 - stefans joined the level
  2022-05-30 16:54:16 INFO  Game:101 - level1 has been loaded
  2022-05-30 17:02:06 INFO  Game:22 - Username set: stefans
  2022-05-30 17:03:53 INFO  Game:22 - Username set: stefans
  2022-05-30 17:04:24 INFO  Game:22 - Username set: stefans
  2022-05-30 17:04:30 INFO  Game:101 - stefans joined the level
  2022-05-30 17:04:30 INFO  Game:102 - level1 has been loaded
  